2021-05-10 11:18:04,042 [INFO] start: Opening socket connection :80 in /Users/demg/Documents/Projects/6_Web_server
2021-05-10 11:18:15,014 [INFO] serve_request: 200 - GET / Mozilla/5.0 (Macintosh; Intel Mac OS X 10_15_7) AppleWebKit/537.36 (KHTML, like Gecko) Chrome/90.0.4430.93 Safari/537.36
2021-05-10 11:18:15,053 [INFO] serve_request: 404 - GET /favicon.ico Mozilla/5.0 (Macintosh; Intel Mac OS X 10_15_7) AppleWebKit/537.36 (KHTML, like Gecko) Chrome/90.0.4430.93 Safari/537.36
2021-05-10 11:19:11,376 [INFO] start: Opening socket connection :80 in /Users/demg/Documents/Projects/6_Web_server
2021-05-10 11:23:56,018 [INFO] serve_request: 404 - GET /lr Mozilla/5.0 (Macintosh; Intel Mac OS X 10_15_7) AppleWebKit/537.36 (KHTML, like Gecko) Chrome/90.0.4430.93 Safari/537.36
2021-05-10 11:23:57,050 [INFO] serve_request: 404 - GET /lr Mozilla/5.0 (Macintosh; Intel Mac OS X 10_15_7) AppleWebKit/537.36 (KHTML, like Gecko) Chrome/90.0.4430.93 Safari/537.36
2021-05-10 11:24:01,834 [INFO] main: Порт по умолчанию 80 уже занят! Подбираем рандомный порт..
2021-05-10 11:24:01,834 [INFO] main: Сгенерировали рандомный порт 54113
2021-05-10 11:24:01,835 [INFO] main: Выставили порт 54113 по умолчанию
2021-05-10 11:24:01,835 [INFO] start: Opening socket connection :54113 in /Users/demg/Documents/Projects/6_Web_server
2021-05-10 11:24:14,781 [INFO] serve_request: 200 - GET / Mozilla/5.0 (Macintosh; Intel Mac OS X 10_15_7) AppleWebKit/537.36 (KHTML, like Gecko) Chrome/90.0.4430.93 Safari/537.36
2021-05-10 11:24:14,836 [INFO] serve_request: 404 - GET /favicon.ico Mozilla/5.0 (Macintosh; Intel Mac OS X 10_15_7) AppleWebKit/537.36 (KHTML, like Gecko) Chrome/90.0.4430.93 Safari/537.36
2021-05-10 11:24:16,795 [INFO] serve_request: 404 - GET /rrr Mozilla/5.0 (Macintosh; Intel Mac OS X 10_15_7) AppleWebKit/537.36 (KHTML, like Gecko) Chrome/90.0.4430.93 Safari/537.36
2021-05-10 11:24:17,830 [INFO] serve_request: 404 - GET /rrr Mozilla/5.0 (Macintosh; Intel Mac OS X 10_15_7) AppleWebKit/537.36 (KHTML, like Gecko) Chrome/90.0.4430.93 Safari/537.36
2021-05-10 11:24:23,204 [INFO] serve_request: 404 - GET /%D0%B0%D0%BA%D1%8E%D0%BA%D0%BA3 Mozilla/5.0 (Macintosh; Intel Mac OS X 10_15_7) AppleWebKit/537.36 (KHTML, like Gecko) Chrome/90.0.4430.93 Safari/537.36
2021-05-10 11:24:24,237 [INFO] serve_request: 404 - GET /%D0%B0%D0%BA%D1%8E%D0%BA%D0%BA3 Mozilla/5.0 (Macintosh; Intel Mac OS X 10_15_7) AppleWebKit/537.36 (KHTML, like Gecko) Chrome/90.0.4430.93 Safari/537.36
2021-05-10 11:24:28,096 [INFO] serve_request: 404 - GET /%D0%B0%D0%BA%D1%8E%D0%BA%D0%BA3 Mozilla/5.0 (Macintosh; Intel Mac OS X 10_15_7) AppleWebKit/537.36 (KHTML, like Gecko) Chrome/90.0.4430.93 Safari/537.36
2021-05-10 11:29:15,168 [INFO] start: Opening socket connection :80 in /Users/demg/Documents/Projects/6_Web_server
2021-05-10 11:29:24,313 [INFO] serve_request: 200 - GET / Mozilla/5.0 (Macintosh; Intel Mac OS X 10_15_7) AppleWebKit/537.36 (KHTML, like Gecko) Chrome/90.0.4430.93 Safari/537.36
2021-05-10 11:29:31,698 [INFO] serve_request: 404 - GET /iriweri Mozilla/5.0 (Macintosh; Intel Mac OS X 10_15_7) AppleWebKit/537.36 (KHTML, like Gecko) Chrome/90.0.4430.93 Safari/537.36
2021-05-10 11:29:32,726 [INFO] serve_request: 404 - GET /iriweri Mozilla/5.0 (Macintosh; Intel Mac OS X 10_15_7) AppleWebKit/537.36 (KHTML, like Gecko) Chrome/90.0.4430.93 Safari/537.36
2021-05-10 11:29:37,740 [INFO] serve_request: 404 - GET /iriweri Mozilla/5.0 (Macintosh; Intel Mac OS X 10_15_7) AppleWebKit/537.36 (KHTML, like Gecko) Chrome/90.0.4430.93 Safari/537.36
2021-05-10 11:29:38,708 [INFO] serve_request: 404 - GET /index.php Mozilla/5.0 (Macintosh; Intel Mac OS X 10_15_7) AppleWebKit/537.36 (KHTML, like Gecko) Chrome/90.0.4430.93 Safari/537.36
2021-05-10 11:29:39,736 [INFO] serve_request: 404 - GET /index.php Mozilla/5.0 (Macintosh; Intel Mac OS X 10_15_7) AppleWebKit/537.36 (KHTML, like Gecko) Chrome/90.0.4430.93 Safari/537.36
2021-05-10 11:29:42,700 [INFO] serve_request: 200 - GET /index.html Mozilla/5.0 (Macintosh; Intel Mac OS X 10_15_7) AppleWebKit/537.36 (KHTML, like Gecko) Chrome/90.0.4430.93 Safari/537.36
2021-05-10 11:43:31,562 [INFO] start: Opening socket connection :80 in /Users/demg/Documents/Projects/6_Web_server/html
2021-05-10 11:43:35,974 [INFO] serve_request: 404 - GET /index.html Mozilla/5.0 (Macintosh; Intel Mac OS X 10_15_7) AppleWebKit/537.36 (KHTML, like Gecko) Chrome/90.0.4430.93 Safari/537.36
2021-05-10 11:43:44,559 [INFO] serve_request: 200 - GET / Mozilla/5.0 (Macintosh; Intel Mac OS X 10_15_7) AppleWebKit/537.36 (KHTML, like Gecko) Chrome/90.0.4430.93 Safari/537.36
2021-05-10 11:43:53,465 [INFO] serve_request: 200 - GET / Mozilla/5.0 (Macintosh; Intel Mac OS X 10_15_7) AppleWebKit/537.36 (KHTML, like Gecko) Chrome/90.0.4430.93 Safari/537.36
2021-05-10 11:44:52,782 [INFO] start: Opening socket connection :80 in /Users/demg/Documents/Projects/6_Web_server/html
2021-05-10 11:44:54,833 [INFO] serve_request: 404 - GET /index.html Mozilla/5.0 (Macintosh; Intel Mac OS X 10_15_7) AppleWebKit/537.36 (KHTML, like Gecko) Chrome/90.0.4430.93 Safari/537.36
2021-05-10 11:44:56,735 [INFO] serve_request: 404 - GET /index.html Mozilla/5.0 (Macintosh; Intel Mac OS X 10_15_7) AppleWebKit/537.36 (KHTML, like Gecko) Chrome/90.0.4430.93 Safari/537.36
2021-05-10 11:44:57,187 [INFO] serve_request: 404 - GET /index.html Mozilla/5.0 (Macintosh; Intel Mac OS X 10_15_7) AppleWebKit/537.36 (KHTML, like Gecko) Chrome/90.0.4430.93 Safari/537.36
2021-05-10 11:44:57,354 [INFO] serve_request: 404 - GET /index.html Mozilla/5.0 (Macintosh; Intel Mac OS X 10_15_7) AppleWebKit/537.36 (KHTML, like Gecko) Chrome/90.0.4430.93 Safari/537.36
2021-05-10 11:45:02,685 [INFO] serve_request: 200 - GET / Mozilla/5.0 (Macintosh; Intel Mac OS X 10_15_7) AppleWebKit/537.36 (KHTML, like Gecko) Chrome/90.0.4430.93 Safari/537.36
2021-05-10 11:46:57,144 [INFO] start: Opening socket connection :80 in /Users/demg/Documents/Projects/6_Web_server/html
2021-05-10 11:46:58,901 [INFO] serve_request: 404 - GET /index.html Mozilla/5.0 (Macintosh; Intel Mac OS X 10_15_7) AppleWebKit/537.36 (KHTML, like Gecko) Chrome/90.0.4430.93 Safari/537.36
2021-05-10 11:47:00,522 [INFO] serve_request: 404 - GET /index.html Mozilla/5.0 (Macintosh; Intel Mac OS X 10_15_7) AppleWebKit/537.36 (KHTML, like Gecko) Chrome/90.0.4430.93 Safari/537.36
2021-05-10 11:47:14,171 [INFO] main: Порт по умолчанию 80 уже занят! Подбираем рандомный порт..
2021-05-10 11:47:14,171 [INFO] main: Сгенерировали рандомный порт 63546
2021-05-10 11:47:14,171 [INFO] main: Выставили порт 63546 по умолчанию
2021-05-10 11:47:14,172 [INFO] start: Opening socket connection :63546 in /Users/demg/Documents/Projects/6_Web_server/html
2021-05-10 11:47:23,438 [INFO] serve_request: 404 - GET /index.html Mozilla/5.0 (Macintosh; Intel Mac OS X 10_15_7) AppleWebKit/537.36 (KHTML, like Gecko) Chrome/90.0.4430.93 Safari/537.36
2021-05-10 11:47:23,491 [INFO] serve_request: 404 - GET /favicon.ico Mozilla/5.0 (Macintosh; Intel Mac OS X 10_15_7) AppleWebKit/537.36 (KHTML, like Gecko) Chrome/90.0.4430.93 Safari/537.36
2021-05-10 11:47:27,564 [INFO] serve_request: 200 - GET / Mozilla/5.0 (Macintosh; Intel Mac OS X 10_15_7) AppleWebKit/537.36 (KHTML, like Gecko) Chrome/90.0.4430.93 Safari/537.36
2021-05-10 11:48:39,315 [INFO] start: Opening socket connection :80 in /Users/demg/Documents/Projects/6_Web_server/html
2021-05-10 11:48:42,838 [INFO] serve_request: 200 - GET / Mozilla/5.0 (Macintosh; Intel Mac OS X 10_15_7) AppleWebKit/537.36 (KHTML, like Gecko) Chrome/90.0.4430.93 Safari/537.36
2021-05-10 11:48:47,241 [INFO] serve_request: 200 - GET /index.html Mozilla/5.0 (Macintosh; Intel Mac OS X 10_15_7) AppleWebKit/537.36 (KHTML, like Gecko) Chrome/90.0.4430.93 Safari/537.36
2021-05-10 11:48:49,436 [INFO] serve_request: 404 - GET /index.htmlr Mozilla/5.0 (Macintosh; Intel Mac OS X 10_15_7) AppleWebKit/537.36 (KHTML, like Gecko) Chrome/90.0.4430.93 Safari/537.36
2021-05-10 11:50:15,673 [INFO] start: Открыли порт на порту :80, директория /Users/demg/Documents/Projects/6_Web_server/html
2021-05-10 11:50:48,276 [INFO] start: Запустили web-сервер на порту :80, директория /Users/demg/Documents/Projects/6_Web_server/html
2021-05-10 11:53:30,566 [INFO] start: Запустили web-сервер на порту :80, директория /Users/demg/Documents/Projects/6_Web_server/html
2021-05-10 11:53:34,419 [INFO] new_client_request: 200 - GET /index.html Mozilla/5.0 (Macintosh; Intel Mac OS X 10_15_7) AppleWebKit/537.36 (KHTML, like Gecko) Chrome/90.0.4430.93 Safari/537.36
2021-05-10 11:53:44,977 [INFO] main: Порт по умолчанию 80 уже занят! Подбираем рандомный порт..
2021-05-10 11:53:44,978 [INFO] main: Сгенерировали рандомный порт 61612
2021-05-10 11:53:44,978 [INFO] main: Выставили порт 61612 по умолчанию
2021-05-10 11:53:44,978 [INFO] start: Запустили web-сервер на порту :61612, директория /Users/demg/Documents/Projects/6_Web_server/html
2021-05-10 11:53:53,114 [INFO] new_client_request: 200 - GET /index.html Mozilla/5.0 (Macintosh; Intel Mac OS X 10_15_7) AppleWebKit/537.36 (KHTML, like Gecko) Chrome/90.0.4430.93 Safari/537.36
2021-05-10 11:53:53,149 [INFO] new_client_request: 404 - GET /favicon.ico Mozilla/5.0 (Macintosh; Intel Mac OS X 10_15_7) AppleWebKit/537.36 (KHTML, like Gecko) Chrome/90.0.4430.93 Safari/537.36
2021-05-10 11:53:55,728 [INFO] new_client_request: 200 - GET /index.html Mozilla/5.0 (Macintosh; Intel Mac OS X 10_15_7) AppleWebKit/537.36 (KHTML, like Gecko) Chrome/90.0.4430.93 Safari/537.36
